[Tue Jul  8 15:07:54 2025] Avvio daemon su porte 8080-8089
[Tue Jul  8 15:07:54 2025] Socket listening attivato sulla porta 8080
[Tue Jul  8 15:07:54 2025] Socket listening attivato sulla porta 8081
[Tue Jul  8 15:07:54 2025] Socket listening attivato sulla porta 8082
[Tue Jul  8 15:07:54 2025] Socket listening attivato sulla porta 8083
[Tue Jul  8 15:07:54 2025] Socket listening attivato sulla porta 8084
[Tue Jul  8 15:07:54 2025] Socket listening attivato sulla porta 8085
[Tue Jul  8 15:07:54 2025] Socket listening attivato sulla porta 8086
[Tue Jul  8 15:07:54 2025] Socket listening attivato sulla porta 8087
[Tue Jul  8 15:07:54 2025] Socket listening attivato sulla porta 8088
[Tue Jul  8 15:07:54 2025] Socket listening attivato sulla porta 8089
[Tue Jul  8 15:07:54 2025] Daemon avviato con successo
[Tue Jul  8 15:08:22 2025] === STATISTICHE DAEMON ===
[Tue Jul  8 15:08:22 2025] Tempo attivo: 00:00:28
[Tue Jul  8 15:08:22 2025] Connessioni totali: 0
[Tue Jul  8 15:08:22 2025] Messaggi elaborati: 0
[Tue Jul  8 15:08:22 2025] Client attualmente connessi: 0
[Tue Jul  8 15:08:22 2025] Porta 8080: 0 connessioni
[Tue Jul  8 15:08:22 2025] Porta 8081: 0 connessioni
[Tue Jul  8 15:08:22 2025] Porta 8082: 0 connessioni
[Tue Jul  8 15:08:22 2025] Porta 8083: 0 connessioni
[Tue Jul  8 15:08:22 2025] Porta 8084: 0 connessioni
[Tue Jul  8 15:08:22 2025] Porta 8085: 0 connessioni
[Tue Jul  8 15:08:22 2025] Porta 8086: 0 connessioni
[Tue Jul  8 15:08:22 2025] Porta 8087: 0 connessioni
[Tue Jul  8 15:08:22 2025] Porta 8088: 0 connessioni
[Tue Jul  8 15:08:22 2025] Porta 8089: 0 connessioni
[Tue Jul  8 15:08:50 2025] === STATISTICHE DAEMON ===
[Tue Jul  8 15:08:50 2025] Tempo attivo: 00:00:56
[Tue Jul  8 15:08:50 2025] Connessioni totali: 0
[Tue Jul  8 15:08:50 2025] Messaggi elaborati: 0
[Tue Jul  8 15:08:50 2025] Client attualmente connessi: 0
[Tue Jul  8 15:08:50 2025] Porta 8080: 0 connessioni
[Tue Jul  8 15:08:50 2025] Porta 8081: 0 connessioni
[Tue Jul  8 15:08:50 2025] Porta 8082: 0 connessioni
[Tue Jul  8 15:08:50 2025] Porta 8083: 0 connessioni
[Tue Jul  8 15:08:50 2025] Porta 8084: 0 connessioni
[Tue Jul  8 15:08:50 2025] Porta 8085: 0 connessioni
[Tue Jul  8 15:08:50 2025] Porta 8086: 0 connessioni
[Tue Jul  8 15:08:50 2025] Porta 8087: 0 connessioni
[Tue Jul  8 15:08:50 2025] Porta 8088: 0 connessioni
[Tue Jul  8 15:08:50 2025] Porta 8089: 0 connessioni
[Tue Jul  8 15:09:18 2025] === STATISTICHE DAEMON ===
[Tue Jul  8 15:09:18 2025] Tempo attivo: 00:01:24
[Tue Jul  8 15:09:18 2025] Connessioni totali: 0
[Tue Jul  8 15:09:18 2025] Messaggi elaborati: 0
[Tue Jul  8 15:09:18 2025] Client attualmente connessi: 0
[Tue Jul  8 15:09:18 2025] Porta 8080: 0 connessioni
[Tue Jul  8 15:09:18 2025] Porta 8081: 0 connessioni
[Tue Jul  8 15:09:18 2025] Porta 8082: 0 connessioni
[Tue Jul  8 15:09:18 2025] Porta 8083: 0 connessioni
[Tue Jul  8 15:09:18 2025] Porta 8084: 0 connessioni
[Tue Jul  8 15:09:18 2025] Porta 8085: 0 connessioni
[Tue Jul  8 15:09:18 2025] Porta 8086: 0 connessioni
[Tue Jul  8 15:09:18 2025] Porta 8087: 0 connessioni
[Tue Jul  8 15:09:18 2025] Porta 8088: 0 connessioni
[Tue Jul  8 15:09:18 2025] Porta 8089: 0 connessioni
[Tue Jul  8 15:09:46 2025] === STATISTICHE DAEMON ===
[Tue Jul  8 15:09:46 2025] Tempo attivo: 00:01:52
[Tue Jul  8 15:09:46 2025] Connessioni totali: 0
[Tue Jul  8 15:09:46 2025] Messaggi elaborati: 0
[Tue Jul  8 15:09:46 2025] Client attualmente connessi: 0
[Tue Jul  8 15:09:46 2025] Porta 8080: 0 connessioni
[Tue Jul  8 15:09:46 2025] Porta 8081: 0 connessioni
[Tue Jul  8 15:09:46 2025] Porta 8082: 0 connessioni
[Tue Jul  8 15:09:46 2025] Porta 8083: 0 connessioni
[Tue Jul  8 15:09:46 2025] Porta 8084: 0 connessioni
[Tue Jul  8 15:09:46 2025] Porta 8085: 0 connessioni
[Tue Jul  8 15:09:46 2025] Porta 8086: 0 connessioni
[Tue Jul  8 15:09:46 2025] Porta 8087: 0 connessioni
[Tue Jul  8 15:09:46 2025] Porta 8088: 0 connessioni
[Tue Jul  8 15:09:46 2025] Porta 8089: 0 connessioni
[Tue Jul  8 15:09:51 2025] Nuova connessione da 127.0.0.1:60138 su porta 8080
[Tue Jul  8 15:09:51 2025] messaggio elaborato su porta 8080

[Tue Jul  8 15:09:51 2025] messaggio elaborato su porta 8080

[Tue Jul  8 15:09:52 2025] messaggio elaborato su porta 8080

[Tue Jul  8 15:09:52 2025] messaggio elaborato su porta 8080

[Tue Jul  8 15:09:52 2025] messaggio elaborato su porta 8080

[Tue Jul  8 15:09:52 2025] messaggio elaborato su porta 8080

[Tue Jul  8 15:09:52 2025] messaggio elaborato su porta 8080

[Tue Jul  8 15:09:52 2025] messaggio elaborato su porta 8080

[Tue Jul  8 15:09:52 2025] messaggio elaborato su porta 8080

[Tue Jul  8 15:09:52 2025] messaggio elaborato su porta 8080

[Tue Jul  8 15:09:52 2025] messaggio elaborato su porta 8080

[Tue Jul  8 15:09:52 2025] messaggio elaborato su porta 8080

[Tue Jul  8 15:09:52 2025] messaggio elaborato su porta 8080

[Tue Jul  8 15:09:52 2025] messaggio elaborato su porta 8080

[Tue Jul  8 15:09:52 2025] messaggio elaborato su porta 8080

[Tue Jul  8 15:09:52 2025] messaggio elaborato su porta 8080

[Tue Jul  8 15:09:52 2025] messaggio elaborato su porta 8080

[Tue Jul  8 15:09:52 2025] messaggio elaborato su porta 8080

[Tue Jul  8 15:09:52 2025] messaggio elaborato su porta 8080

[Tue Jul  8 15:09:52 2025] messaggio elaborato su porta 8080

[Tue Jul  8 15:09:52 2025] messaggio elaborato su porta 8080

[Tue Jul  8 15:09:52 2025] messaggio elaborato su porta 8080

[Tue Jul  8 15:09:53 2025] messaggio elaborato su porta 8080

[Tue Jul  8 15:09:53 2025] messaggio elaborato su porta 8080

[Tue Jul  8 15:09:53 2025] messaggio elaborato su porta 8080

[Tue Jul  8 15:09:53 2025] messaggio elaborato su porta 8080

[Tue Jul  8 15:09:53 2025] messaggio elaborato su porta 8080

[Tue Jul  8 15:09:53 2025] messaggio elaborato su porta 8080

[Tue Jul  8 15:09:53 2025] messaggio elaborato su porta 8080

[Tue Jul  8 15:09:53 2025] messaggio elaborato su porta 8080

[Tue Jul  8 15:09:53 2025] messaggio elaborato su porta 8080

[Tue Jul  8 15:09:53 2025] messaggio elaborato su porta 8080

[Tue Jul  8 15:09:53 2025] messaggio elaborato su porta 8080

[Tue Jul  8 15:09:53 2025] messaggio elaborato su porta 8080

[Tue Jul  8 15:09:53 2025] messaggio elaborato su porta 8080

[Tue Jul  8 15:09:53 2025] messaggio elaborato su porta 8080

[Tue Jul  8 15:09:53 2025] messaggio elaborato su porta 8080

[Tue Jul  8 15:09:53 2025] messaggio elaborato su porta 8080

[Tue Jul  8 15:09:53 2025] messaggio elaborato su porta 8080

[Tue Jul  8 15:09:53 2025] messaggio elaborato su porta 8080

[Tue Jul  8 15:09:53 2025] messaggio elaborato su porta 8080

[Tue Jul  8 15:09:53 2025] messaggio elaborato su porta 8080

[Tue Jul  8 15:09:54 2025] messaggio elaborato su porta 8080

[Tue Jul  8 15:09:54 2025] messaggio elaborato su porta 8080

[Tue Jul  8 15:09:54 2025] messaggio elaborato su porta 8080

[Tue Jul  8 15:09:54 2025] messaggio elaborato su porta 8080

[Tue Jul  8 15:09:54 2025] messaggio elaborato su porta 8080

[Tue Jul  8 15:09:54 2025] messaggio elaborato su porta 8080

[Tue Jul  8 15:09:54 2025] messaggio elaborato su porta 8080

[Tue Jul  8 15:09:54 2025] messaggio elaborato su porta 8080

[Tue Jul  8 15:09:54 2025] Client disconnesso dalla porta 8080

[Tue Jul  8 15:10:01 2025] Nuova connessione da 127.0.0.1:33466 su porta 8081
[Tue Jul  8 15:10:01 2025] messaggio elaborato su porta 8081

[Tue Jul  8 15:10:01 2025] messaggio elaborato su porta 8081

[Tue Jul  8 15:10:01 2025] messaggio elaborato su porta 8081

[Tue Jul  8 15:10:01 2025] messaggio elaborato su porta 8081

[Tue Jul  8 15:10:01 2025] messaggio elaborato su porta 8081

[Tue Jul  8 15:10:02 2025] messaggio elaborato su porta 8081

[Tue Jul  8 15:10:02 2025] messaggio elaborato su porta 8081

[Tue Jul  8 15:10:02 2025] messaggio elaborato su porta 8081

[Tue Jul  8 15:10:02 2025] messaggio elaborato su porta 8081

[Tue Jul  8 15:10:02 2025] messaggio elaborato su porta 8081

[Tue Jul  8 15:10:02 2025] messaggio elaborato su porta 8081

[Tue Jul  8 15:10:02 2025] messaggio elaborato su porta 8081

[Tue Jul  8 15:10:02 2025] messaggio elaborato su porta 8081

[Tue Jul  8 15:10:02 2025] messaggio elaborato su porta 8081

[Tue Jul  8 15:10:02 2025] messaggio elaborato su porta 8081

[Tue Jul  8 15:10:02 2025] messaggio elaborato su porta 8081

[Tue Jul  8 15:10:02 2025] messaggio elaborato su porta 8081

[Tue Jul  8 15:10:02 2025] messaggio elaborato su porta 8081

[Tue Jul  8 15:10:02 2025] messaggio elaborato su porta 8081

[Tue Jul  8 15:10:02 2025] messaggio elaborato su porta 8081

[Tue Jul  8 15:10:02 2025] messaggio elaborato su porta 8081

[Tue Jul  8 15:10:02 2025] messaggio elaborato su porta 8081

[Tue Jul  8 15:10:02 2025] messaggio elaborato su porta 8081

[Tue Jul  8 15:10:02 2025] messaggio elaborato su porta 8081

[Tue Jul  8 15:10:02 2025] messaggio elaborato su porta 8081

[Tue Jul  8 15:10:03 2025] messaggio elaborato su porta 8081

[Tue Jul  8 15:10:03 2025] messaggio elaborato su porta 8081

[Tue Jul  8 15:10:03 2025] messaggio elaborato su porta 8081

[Tue Jul  8 15:10:03 2025] messaggio elaborato su porta 8081

[Tue Jul  8 15:10:03 2025] messaggio elaborato su porta 8081

[Tue Jul  8 15:10:03 2025] messaggio elaborato su porta 8081

[Tue Jul  8 15:10:03 2025] messaggio elaborato su porta 8081

[Tue Jul  8 15:10:03 2025] messaggio elaborato su porta 8081

[Tue Jul  8 15:10:03 2025] messaggio elaborato su porta 8081

[Tue Jul  8 15:10:03 2025] messaggio elaborato su porta 8081

[Tue Jul  8 15:10:03 2025] messaggio elaborato su porta 8081

[Tue Jul  8 15:10:03 2025] messaggio elaborato su porta 8081

[Tue Jul  8 15:10:03 2025] messaggio elaborato su porta 8081

[Tue Jul  8 15:10:03 2025] messaggio elaborato su porta 8081

[Tue Jul  8 15:10:03 2025] messaggio elaborato su porta 8081

[Tue Jul  8 15:10:03 2025] messaggio elaborato su porta 8081

[Tue Jul  8 15:10:03 2025] messaggio elaborato su porta 8081

[Tue Jul  8 15:10:03 2025] messaggio elaborato su porta 8081

[Tue Jul  8 15:10:03 2025] messaggio elaborato su porta 8081

[Tue Jul  8 15:10:03 2025] messaggio elaborato su porta 8081

[Tue Jul  8 15:10:04 2025] messaggio elaborato su porta 8081

[Tue Jul  8 15:10:04 2025] messaggio elaborato su porta 8081

[Tue Jul  8 15:10:04 2025] messaggio elaborato su porta 8081

[Tue Jul  8 15:10:04 2025] messaggio elaborato su porta 8081

[Tue Jul  8 15:10:04 2025] messaggio elaborato su porta 8081

[Tue Jul  8 15:10:04 2025] Client disconnesso dalla porta 8081

[Tue Jul  8 15:10:05 2025] Nuova connessione da 127.0.0.1:49510 su porta 8082
[Tue Jul  8 15:10:05 2025] messaggio elaborato su porta 8082

[Tue Jul  8 15:10:06 2025] messaggio elaborato su porta 8082

[Tue Jul  8 15:10:06 2025] messaggio elaborato su porta 8082

[Tue Jul  8 15:10:06 2025] messaggio elaborato su porta 8082

[Tue Jul  8 15:10:06 2025] messaggio elaborato su porta 8082

[Tue Jul  8 15:10:06 2025] messaggio elaborato su porta 8082

[Tue Jul  8 15:10:06 2025] messaggio elaborato su porta 8082

[Tue Jul  8 15:10:06 2025] messaggio elaborato su porta 8082

[Tue Jul  8 15:10:06 2025] messaggio elaborato su porta 8082

[Tue Jul  8 15:10:06 2025] messaggio elaborato su porta 8082

[Tue Jul  8 15:10:06 2025] messaggio elaborato su porta 8082

[Tue Jul  8 15:10:06 2025] messaggio elaborato su porta 8082

[Tue Jul  8 15:10:06 2025] messaggio elaborato su porta 8082

[Tue Jul  8 15:10:06 2025] messaggio elaborato su porta 8082

[Tue Jul  8 15:10:06 2025] messaggio elaborato su porta 8082

[Tue Jul  8 15:10:06 2025] messaggio elaborato su porta 8082

[Tue Jul  8 15:10:06 2025] messaggio elaborato su porta 8082

[Tue Jul  8 15:10:06 2025] messaggio elaborato su porta 8082

[Tue Jul  8 15:10:06 2025] messaggio elaborato su porta 8082

[Tue Jul  8 15:10:06 2025] messaggio elaborato su porta 8082

[Tue Jul  8 15:10:07 2025] messaggio elaborato su porta 8082

[Tue Jul  8 15:10:07 2025] messaggio elaborato su porta 8082

[Tue Jul  8 15:10:07 2025] messaggio elaborato su porta 8082

[Tue Jul  8 15:10:07 2025] messaggio elaborato su porta 8082

[Tue Jul  8 15:10:07 2025] messaggio elaborato su porta 8082

[Tue Jul  8 15:10:07 2025] messaggio elaborato su porta 8082

[Tue Jul  8 15:10:07 2025] messaggio elaborato su porta 8082

[Tue Jul  8 15:10:07 2025] messaggio elaborato su porta 8082

[Tue Jul  8 15:10:07 2025] messaggio elaborato su porta 8082

[Tue Jul  8 15:10:07 2025] messaggio elaborato su porta 8082

[Tue Jul  8 15:10:07 2025] messaggio elaborato su porta 8082

[Tue Jul  8 15:10:07 2025] messaggio elaborato su porta 8082

[Tue Jul  8 15:10:07 2025] messaggio elaborato su porta 8082

[Tue Jul  8 15:10:07 2025] messaggio elaborato su porta 8082

[Tue Jul  8 15:10:07 2025] messaggio elaborato su porta 8082

[Tue Jul  8 15:10:07 2025] messaggio elaborato su porta 8082

[Tue Jul  8 15:10:07 2025] messaggio elaborato su porta 8082

[Tue Jul  8 15:10:07 2025] messaggio elaborato su porta 8082

[Tue Jul  8 15:10:07 2025] messaggio elaborato su porta 8082

[Tue Jul  8 15:10:07 2025] messaggio elaborato su porta 8082

[Tue Jul  8 15:10:08 2025] messaggio elaborato su porta 8082

[Tue Jul  8 15:10:08 2025] messaggio elaborato su porta 8082

[Tue Jul  8 15:10:08 2025] messaggio elaborato su porta 8082

[Tue Jul  8 15:10:08 2025] messaggio elaborato su porta 8082

[Tue Jul  8 15:10:08 2025] messaggio elaborato su porta 8082

[Tue Jul  8 15:10:08 2025] messaggio elaborato su porta 8082

[Tue Jul  8 15:10:08 2025] messaggio elaborato su porta 8082

[Tue Jul  8 15:10:08 2025] messaggio elaborato su porta 8082

[Tue Jul  8 15:10:08 2025] messaggio elaborato su porta 8082

[Tue Jul  8 15:10:08 2025] messaggio elaborato su porta 8082

[Tue Jul  8 15:10:08 2025] Client disconnesso dalla porta 8082

[Tue Jul  8 15:10:14 2025] === STATISTICHE DAEMON ===
[Tue Jul  8 15:10:14 2025] Tempo attivo: 00:02:20
[Tue Jul  8 15:10:14 2025] Connessioni totali: 3
[Tue Jul  8 15:10:14 2025] Messaggi elaborati: 150
[Tue Jul  8 15:10:14 2025] Client attualmente connessi: 3
[Tue Jul  8 15:10:14 2025] Porta 8080: 1 connessioni
[Tue Jul  8 15:10:14 2025] Porta 8081: 1 connessioni
[Tue Jul  8 15:10:14 2025] Porta 8082: 1 connessioni
[Tue Jul  8 15:10:14 2025] Porta 8083: 0 connessioni
[Tue Jul  8 15:10:14 2025] Porta 8084: 0 connessioni
[Tue Jul  8 15:10:14 2025] Porta 8085: 0 connessioni
[Tue Jul  8 15:10:14 2025] Porta 8086: 0 connessioni
[Tue Jul  8 15:10:14 2025] Porta 8087: 0 connessioni
[Tue Jul  8 15:10:14 2025] Porta 8088: 0 connessioni
[Tue Jul  8 15:10:14 2025] Porta 8089: 0 connessioni
[Tue Jul  8 15:10:44 2025] === STATISTICHE DAEMON ===
[Tue Jul  8 15:10:44 2025] Tempo attivo: 00:02:50
[Tue Jul  8 15:10:44 2025] Connessioni totali: 3
[Tue Jul  8 15:10:44 2025] Messaggi elaborati: 150
[Tue Jul  8 15:10:44 2025] Client attualmente connessi: 3
[Tue Jul  8 15:10:44 2025] Porta 8080: 1 connessioni
[Tue Jul  8 15:10:44 2025] Porta 8081: 1 connessioni
[Tue Jul  8 15:10:44 2025] Porta 8082: 1 connessioni
[Tue Jul  8 15:10:44 2025] Porta 8083: 0 connessioni
[Tue Jul  8 15:10:44 2025] Porta 8084: 0 connessioni
[Tue Jul  8 15:10:44 2025] Porta 8085: 0 connessioni
[Tue Jul  8 15:10:44 2025] Porta 8086: 0 connessioni
[Tue Jul  8 15:10:44 2025] Porta 8087: 0 connessioni
[Tue Jul  8 15:10:44 2025] Porta 8088: 0 connessioni
[Tue Jul  8 15:10:44 2025] Porta 8089: 0 connessioni
[Tue Jul  8 15:11:12 2025] === STATISTICHE DAEMON ===
[Tue Jul  8 15:11:12 2025] Tempo attivo: 00:03:18
[Tue Jul  8 15:11:12 2025] Connessioni totali: 3
[Tue Jul  8 15:11:12 2025] Messaggi elaborati: 150
[Tue Jul  8 15:11:12 2025] Client attualmente connessi: 3
[Tue Jul  8 15:11:12 2025] Porta 8080: 1 connessioni
[Tue Jul  8 15:11:12 2025] Porta 8081: 1 connessioni
[Tue Jul  8 15:11:12 2025] Porta 8082: 1 connessioni
[Tue Jul  8 15:11:12 2025] Porta 8083: 0 connessioni
[Tue Jul  8 15:11:12 2025] Porta 8084: 0 connessioni
[Tue Jul  8 15:11:12 2025] Porta 8085: 0 connessioni
[Tue Jul  8 15:11:12 2025] Porta 8086: 0 connessioni
[Tue Jul  8 15:11:12 2025] Porta 8087: 0 connessioni
[Tue Jul  8 15:11:12 2025] Porta 8088: 0 connessioni
[Tue Jul  8 15:11:12 2025] Porta 8089: 0 connessioni
[Tue Jul  8 15:11:40 2025] === STATISTICHE DAEMON ===
[Tue Jul  8 15:11:40 2025] Tempo attivo: 00:03:46
[Tue Jul  8 15:11:40 2025] Connessioni totali: 3
[Tue Jul  8 15:11:40 2025] Messaggi elaborati: 150
[Tue Jul  8 15:11:40 2025] Client attualmente connessi: 3
[Tue Jul  8 15:11:40 2025] Porta 8080: 1 connessioni
[Tue Jul  8 15:11:40 2025] Porta 8081: 1 connessioni
[Tue Jul  8 15:11:40 2025] Porta 8082: 1 connessioni
[Tue Jul  8 15:11:40 2025] Porta 8083: 0 connessioni
[Tue Jul  8 15:11:40 2025] Porta 8084: 0 connessioni
[Tue Jul  8 15:11:40 2025] Porta 8085: 0 connessioni
[Tue Jul  8 15:11:40 2025] Porta 8086: 0 connessioni
[Tue Jul  8 15:11:40 2025] Porta 8087: 0 connessioni
[Tue Jul  8 15:11:40 2025] Porta 8088: 0 connessioni
[Tue Jul  8 15:11:40 2025] Porta 8089: 0 connessioni
[Tue Jul  8 15:12:08 2025] === STATISTICHE DAEMON ===
[Tue Jul  8 15:12:08 2025] Tempo attivo: 00:04:14
[Tue Jul  8 15:12:08 2025] Connessioni totali: 3
[Tue Jul  8 15:12:08 2025] Messaggi elaborati: 150
[Tue Jul  8 15:12:08 2025] Client attualmente connessi: 3
[Tue Jul  8 15:12:08 2025] Porta 8080: 1 connessioni
[Tue Jul  8 15:12:08 2025] Porta 8081: 1 connessioni
[Tue Jul  8 15:12:08 2025] Porta 8082: 1 connessioni
[Tue Jul  8 15:12:08 2025] Porta 8083: 0 connessioni
[Tue Jul  8 15:12:08 2025] Porta 8084: 0 connessioni
[Tue Jul  8 15:12:08 2025] Porta 8085: 0 connessioni
[Tue Jul  8 15:12:08 2025] Porta 8086: 0 connessioni
[Tue Jul  8 15:12:08 2025] Porta 8087: 0 connessioni
[Tue Jul  8 15:12:08 2025] Porta 8088: 0 connessioni
[Tue Jul  8 15:12:08 2025] Porta 8089: 0 connessioni
[Tue Jul  8 15:12:36 2025] === STATISTICHE DAEMON ===
[Tue Jul  8 15:12:36 2025] Tempo attivo: 00:04:42
[Tue Jul  8 15:12:36 2025] Connessioni totali: 3
[Tue Jul  8 15:12:36 2025] Messaggi elaborati: 150
[Tue Jul  8 15:12:36 2025] Client attualmente connessi: 3
[Tue Jul  8 15:12:36 2025] Porta 8080: 1 connessioni
[Tue Jul  8 15:12:36 2025] Porta 8081: 1 connessioni
[Tue Jul  8 15:12:36 2025] Porta 8082: 1 connessioni
[Tue Jul  8 15:12:36 2025] Porta 8083: 0 connessioni
[Tue Jul  8 15:12:36 2025] Porta 8084: 0 connessioni
[Tue Jul  8 15:12:36 2025] Porta 8085: 0 connessioni
[Tue Jul  8 15:12:36 2025] Porta 8086: 0 connessioni
[Tue Jul  8 15:12:36 2025] Porta 8087: 0 connessioni
[Tue Jul  8 15:12:36 2025] Porta 8088: 0 connessioni
[Tue Jul  8 15:12:36 2025] Porta 8089: 0 connessioni
[Tue Jul  8 15:13:04 2025] === STATISTICHE DAEMON ===
[Tue Jul  8 15:13:04 2025] Tempo attivo: 00:05:10
[Tue Jul  8 15:13:04 2025] Connessioni totali: 3
[Tue Jul  8 15:13:04 2025] Messaggi elaborati: 150
[Tue Jul  8 15:13:04 2025] Client attualmente connessi: 3
[Tue Jul  8 15:13:04 2025] Porta 8080: 1 connessioni
[Tue Jul  8 15:13:04 2025] Porta 8081: 1 connessioni
[Tue Jul  8 15:13:04 2025] Porta 8082: 1 connessioni
[Tue Jul  8 15:13:04 2025] Porta 8083: 0 connessioni
[Tue Jul  8 15:13:04 2025] Porta 8084: 0 connessioni
[Tue Jul  8 15:13:04 2025] Porta 8085: 0 connessioni
[Tue Jul  8 15:13:04 2025] Porta 8086: 0 connessioni
[Tue Jul  8 15:13:04 2025] Porta 8087: 0 connessioni
[Tue Jul  8 15:13:04 2025] Porta 8088: 0 connessioni
[Tue Jul  8 15:13:04 2025] Porta 8089: 0 connessioni
[Tue Jul  8 15:13:32 2025] === STATISTICHE DAEMON ===
[Tue Jul  8 15:13:32 2025] Tempo attivo: 00:05:38
[Tue Jul  8 15:13:32 2025] Connessioni totali: 3
[Tue Jul  8 15:13:32 2025] Messaggi elaborati: 150
[Tue Jul  8 15:13:32 2025] Client attualmente connessi: 3
[Tue Jul  8 15:13:32 2025] Porta 8080: 1 connessioni
[Tue Jul  8 15:13:32 2025] Porta 8081: 1 connessioni
[Tue Jul  8 15:13:32 2025] Porta 8082: 1 connessioni
[Tue Jul  8 15:13:32 2025] Porta 8083: 0 connessioni
[Tue Jul  8 15:13:32 2025] Porta 8084: 0 connessioni
[Tue Jul  8 15:13:32 2025] Porta 8085: 0 connessioni
[Tue Jul  8 15:13:32 2025] Porta 8086: 0 connessioni
[Tue Jul  8 15:13:32 2025] Porta 8087: 0 connessioni
[Tue Jul  8 15:13:32 2025] Porta 8088: 0 connessioni
[Tue Jul  8 15:13:32 2025] Porta 8089: 0 connessioni
[Tue Jul  8 15:14:00 2025] === STATISTICHE DAEMON ===
[Tue Jul  8 15:14:00 2025] Tempo attivo: 00:06:06
[Tue Jul  8 15:14:00 2025] Connessioni totali: 3
[Tue Jul  8 15:14:00 2025] Messaggi elaborati: 150
[Tue Jul  8 15:14:00 2025] Client attualmente connessi: 3
[Tue Jul  8 15:14:00 2025] Porta 8080: 1 connessioni
[Tue Jul  8 15:14:00 2025] Porta 8081: 1 connessioni
[Tue Jul  8 15:14:00 2025] Porta 8082: 1 connessioni
[Tue Jul  8 15:14:00 2025] Porta 8083: 0 connessioni
[Tue Jul  8 15:14:00 2025] Porta 8084: 0 connessioni
[Tue Jul  8 15:14:00 2025] Porta 8085: 0 connessioni
[Tue Jul  8 15:14:00 2025] Porta 8086: 0 connessioni
[Tue Jul  8 15:14:00 2025] Porta 8087: 0 connessioni
[Tue Jul  8 15:14:00 2025] Porta 8088: 0 connessioni
[Tue Jul  8 15:14:00 2025] Porta 8089: 0 connessioni
[Tue Jul  8 15:14:28 2025] === STATISTICHE DAEMON ===
[Tue Jul  8 15:14:28 2025] Tempo attivo: 00:06:34
[Tue Jul  8 15:14:28 2025] Connessioni totali: 3
[Tue Jul  8 15:14:28 2025] Messaggi elaborati: 150
[Tue Jul  8 15:14:28 2025] Client attualmente connessi: 3
[Tue Jul  8 15:14:28 2025] Porta 8080: 1 connessioni
[Tue Jul  8 15:14:28 2025] Porta 8081: 1 connessioni
[Tue Jul  8 15:14:28 2025] Porta 8082: 1 connessioni
[Tue Jul  8 15:14:28 2025] Porta 8083: 0 connessioni
[Tue Jul  8 15:14:28 2025] Porta 8084: 0 connessioni
[Tue Jul  8 15:14:28 2025] Porta 8085: 0 connessioni
[Tue Jul  8 15:14:28 2025] Porta 8086: 0 connessioni
[Tue Jul  8 15:14:28 2025] Porta 8087: 0 connessioni
[Tue Jul  8 15:14:28 2025] Porta 8088: 0 connessioni
[Tue Jul  8 15:14:28 2025] Porta 8089: 0 connessioni
[Tue Jul  8 15:14:53 2025] Nuova connessione da 127.0.0.1:57028 su porta 8080
[Tue Jul  8 15:14:53 2025] messaggio elaborato su porta 8080

[Tue Jul  8 15:14:53 2025] messaggio elaborato su porta 8080

[Tue Jul  8 15:14:53 2025] messaggio elaborato su porta 8080

[Tue Jul  8 15:14:54 2025] messaggio elaborato su porta 8080

[Tue Jul  8 15:14:54 2025] messaggio elaborato su porta 8080

[Tue Jul  8 15:14:54 2025] messaggio elaborato su porta 8080

[Tue Jul  8 15:14:54 2025] messaggio elaborato su porta 8080

[Tue Jul  8 15:14:54 2025] messaggio elaborato su porta 8080

[Tue Jul  8 15:14:54 2025] messaggio elaborato su porta 8080

[Tue Jul  8 15:14:54 2025] messaggio elaborato su porta 8080

[Tue Jul  8 15:14:54 2025] messaggio elaborato su porta 8080

[Tue Jul  8 15:14:54 2025] messaggio elaborato su porta 8080

[Tue Jul  8 15:14:54 2025] messaggio elaborato su porta 8080

[Tue Jul  8 15:14:54 2025] messaggio elaborato su porta 8080

[Tue Jul  8 15:14:54 2025] messaggio elaborato su porta 8080

[Tue Jul  8 15:14:54 2025] messaggio elaborato su porta 8080

[Tue Jul  8 15:14:54 2025] messaggio elaborato su porta 8080

[Tue Jul  8 15:14:54 2025] messaggio elaborato su porta 8080

[Tue Jul  8 15:14:54 2025] messaggio elaborato su porta 8080

[Tue Jul  8 15:14:54 2025] messaggio elaborato su porta 8080

[Tue Jul  8 15:14:54 2025] messaggio elaborato su porta 8080

[Tue Jul  8 15:14:54 2025] messaggio elaborato su porta 8080

[Tue Jul  8 15:14:55 2025] messaggio elaborato su porta 8080

[Tue Jul  8 15:14:55 2025] messaggio elaborato su porta 8080

[Tue Jul  8 15:14:55 2025] messaggio elaborato su porta 8080

[Tue Jul  8 15:14:55 2025] messaggio elaborato su porta 8080

[Tue Jul  8 15:14:55 2025] messaggio elaborato su porta 8080

[Tue Jul  8 15:14:55 2025] messaggio elaborato su porta 8080

[Tue Jul  8 15:14:55 2025] messaggio elaborato su porta 8080

[Tue Jul  8 15:14:55 2025] messaggio elaborato su porta 8080

[Tue Jul  8 15:14:55 2025] messaggio elaborato su porta 8080

[Tue Jul  8 15:14:55 2025] messaggio elaborato su porta 8080

[Tue Jul  8 15:14:55 2025] messaggio elaborato su porta 8080

[Tue Jul  8 15:14:55 2025] messaggio elaborato su porta 8080

[Tue Jul  8 15:14:55 2025] messaggio elaborato su porta 8080

[Tue Jul  8 15:14:55 2025] messaggio elaborato su porta 8080

[Tue Jul  8 15:14:55 2025] messaggio elaborato su porta 8080

[Tue Jul  8 15:14:55 2025] messaggio elaborato su porta 8080

[Tue Jul  8 15:14:55 2025] messaggio elaborato su porta 8080

[Tue Jul  8 15:14:55 2025] messaggio elaborato su porta 8080

[Tue Jul  8 15:14:55 2025] messaggio elaborato su porta 8080

[Tue Jul  8 15:14:55 2025] messaggio elaborato su porta 8080

[Tue Jul  8 15:14:56 2025] messaggio elaborato su porta 8080

[Tue Jul  8 15:14:56 2025] messaggio elaborato su porta 8080

[Tue Jul  8 15:14:56 2025] messaggio elaborato su porta 8080

[Tue Jul  8 15:14:56 2025] messaggio elaborato su porta 8080

[Tue Jul  8 15:14:56 2025] === STATISTICHE DAEMON ===
[Tue Jul  8 15:14:56 2025] Tempo attivo: 00:07:02
[Tue Jul  8 15:14:56 2025] Connessioni totali: 4
[Tue Jul  8 15:14:56 2025] Messaggi elaborati: 196
[Tue Jul  8 15:14:56 2025] Client attualmente connessi: 4
[Tue Jul  8 15:14:56 2025] Porta 8080: 2 connessioni
[Tue Jul  8 15:14:56 2025] Porta 8081: 1 connessioni
[Tue Jul  8 15:14:56 2025] Porta 8082: 1 connessioni
[Tue Jul  8 15:14:56 2025] Porta 8083: 0 connessioni
[Tue Jul  8 15:14:56 2025] Porta 8084: 0 connessioni
[Tue Jul  8 15:14:56 2025] Porta 8085: 0 connessioni
[Tue Jul  8 15:14:56 2025] Porta 8086: 0 connessioni
[Tue Jul  8 15:14:56 2025] Porta 8087: 0 connessioni
[Tue Jul  8 15:14:56 2025] Porta 8088: 0 connessioni
[Tue Jul  8 15:14:56 2025] Porta 8089: 0 connessioni
[Tue Jul  8 15:14:56 2025] messaggio elaborato su porta 8080

[Tue Jul  8 15:14:56 2025] messaggio elaborato su porta 8080

[Tue Jul  8 15:14:56 2025] messaggio elaborato su porta 8080

[Tue Jul  8 15:14:56 2025] messaggio elaborato su porta 8080

[Tue Jul  8 15:14:56 2025] Client disconnesso dalla porta 8080

[Tue Jul  8 15:15:24 2025] === STATISTICHE DAEMON ===
[Tue Jul  8 15:15:24 2025] Tempo attivo: 00:07:30
[Tue Jul  8 15:15:24 2025] Connessioni totali: 4
[Tue Jul  8 15:15:24 2025] Messaggi elaborati: 200
[Tue Jul  8 15:15:24 2025] Client attualmente connessi: 4
[Tue Jul  8 15:15:24 2025] Porta 8080: 2 connessioni
[Tue Jul  8 15:15:24 2025] Porta 8081: 1 connessioni
[Tue Jul  8 15:15:24 2025] Porta 8082: 1 connessioni
[Tue Jul  8 15:15:24 2025] Porta 8083: 0 connessioni
[Tue Jul  8 15:15:24 2025] Porta 8084: 0 connessioni
[Tue Jul  8 15:15:24 2025] Porta 8085: 0 connessioni
[Tue Jul  8 15:15:24 2025] Porta 8086: 0 connessioni
[Tue Jul  8 15:15:24 2025] Porta 8087: 0 connessioni
[Tue Jul  8 15:15:24 2025] Porta 8088: 0 connessioni
[Tue Jul  8 15:15:24 2025] Porta 8089: 0 connessioni
[Tue Jul  8 15:15:52 2025] === STATISTICHE DAEMON ===
[Tue Jul  8 15:15:52 2025] Tempo attivo: 00:07:58
[Tue Jul  8 15:15:52 2025] Connessioni totali: 4
[Tue Jul  8 15:15:52 2025] Messaggi elaborati: 200
[Tue Jul  8 15:15:52 2025] Client attualmente connessi: 4
[Tue Jul  8 15:15:52 2025] Porta 8080: 2 connessioni
[Tue Jul  8 15:15:52 2025] Porta 8081: 1 connessioni
[Tue Jul  8 15:15:52 2025] Porta 8082: 1 connessioni
[Tue Jul  8 15:15:52 2025] Porta 8083: 0 connessioni
[Tue Jul  8 15:15:52 2025] Porta 8084: 0 connessioni
[Tue Jul  8 15:15:52 2025] Porta 8085: 0 connessioni
[Tue Jul  8 15:15:52 2025] Porta 8086: 0 connessioni
[Tue Jul  8 15:15:52 2025] Porta 8087: 0 connessioni
[Tue Jul  8 15:15:52 2025] Porta 8088: 0 connessioni
[Tue Jul  8 15:15:52 2025] Porta 8089: 0 connessioni
[Tue Jul  8 15:16:20 2025] === STATISTICHE DAEMON ===
[Tue Jul  8 15:16:20 2025] Tempo attivo: 00:08:26
[Tue Jul  8 15:16:20 2025] Connessioni totali: 4
[Tue Jul  8 15:16:20 2025] Messaggi elaborati: 200
[Tue Jul  8 15:16:20 2025] Client attualmente connessi: 4
[Tue Jul  8 15:16:20 2025] Porta 8080: 2 connessioni
[Tue Jul  8 15:16:20 2025] Porta 8081: 1 connessioni
[Tue Jul  8 15:16:20 2025] Porta 8082: 1 connessioni
[Tue Jul  8 15:16:20 2025] Porta 8083: 0 connessioni
[Tue Jul  8 15:16:20 2025] Porta 8084: 0 connessioni
[Tue Jul  8 15:16:20 2025] Porta 8085: 0 connessioni
[Tue Jul  8 15:16:20 2025] Porta 8086: 0 connessioni
[Tue Jul  8 15:16:20 2025] Porta 8087: 0 connessioni
[Tue Jul  8 15:16:20 2025] Porta 8088: 0 connessioni
[Tue Jul  8 15:16:20 2025] Porta 8089: 0 connessioni
[Tue Jul  8 15:16:48 2025] === STATISTICHE DAEMON ===
[Tue Jul  8 15:16:48 2025] Tempo attivo: 00:08:54
[Tue Jul  8 15:16:48 2025] Connessioni totali: 4
[Tue Jul  8 15:16:48 2025] Messaggi elaborati: 200
[Tue Jul  8 15:16:48 2025] Client attualmente connessi: 4
[Tue Jul  8 15:16:48 2025] Porta 8080: 2 connessioni
[Tue Jul  8 15:16:48 2025] Porta 8081: 1 connessioni
[Tue Jul  8 15:16:48 2025] Porta 8082: 1 connessioni
[Tue Jul  8 15:16:48 2025] Porta 8083: 0 connessioni
[Tue Jul  8 15:16:48 2025] Porta 8084: 0 connessioni
[Tue Jul  8 15:16:48 2025] Porta 8085: 0 connessioni
[Tue Jul  8 15:16:48 2025] Porta 8086: 0 connessioni
[Tue Jul  8 15:16:48 2025] Porta 8087: 0 connessioni
[Tue Jul  8 15:16:48 2025] Porta 8088: 0 connessioni
[Tue Jul  8 15:16:48 2025] Porta 8089: 0 connessioni
[Tue Jul  8 15:17:18 2025] === STATISTICHE DAEMON ===
[Tue Jul  8 15:17:18 2025] Tempo attivo: 00:09:24
[Tue Jul  8 15:17:18 2025] Connessioni totali: 4
[Tue Jul  8 15:17:18 2025] Messaggi elaborati: 200
[Tue Jul  8 15:17:18 2025] Client attualmente connessi: 4
[Tue Jul  8 15:17:18 2025] Porta 8080: 2 connessioni
[Tue Jul  8 15:17:18 2025] Porta 8081: 1 connessioni
[Tue Jul  8 15:17:18 2025] Porta 8082: 1 connessioni
[Tue Jul  8 15:17:18 2025] Porta 8083: 0 connessioni
[Tue Jul  8 15:17:18 2025] Porta 8084: 0 connessioni
[Tue Jul  8 15:17:18 2025] Porta 8085: 0 connessioni
[Tue Jul  8 15:17:18 2025] Porta 8086: 0 connessioni
[Tue Jul  8 15:17:18 2025] Porta 8087: 0 connessioni
[Tue Jul  8 15:17:18 2025] Porta 8088: 0 connessioni
[Tue Jul  8 15:17:18 2025] Porta 8089: 0 connessioni
[Tue Jul  8 15:17:45 2025] === STATISTICHE DAEMON ===
[Tue Jul  8 15:17:45 2025] Tempo attivo: 00:09:51
[Tue Jul  8 15:17:45 2025] Connessioni totali: 4
[Tue Jul  8 15:17:45 2025] Messaggi elaborati: 200
[Tue Jul  8 15:17:45 2025] Client attualmente connessi: 4
[Tue Jul  8 15:17:45 2025] Porta 8080: 2 connessioni
[Tue Jul  8 15:17:45 2025] Porta 8081: 1 connessioni
[Tue Jul  8 15:17:45 2025] Porta 8082: 1 connessioni
[Tue Jul  8 15:17:45 2025] Porta 8083: 0 connessioni
[Tue Jul  8 15:17:45 2025] Porta 8084: 0 connessioni
[Tue Jul  8 15:17:45 2025] Porta 8085: 0 connessioni
[Tue Jul  8 15:17:45 2025] Porta 8086: 0 connessioni
[Tue Jul  8 15:17:45 2025] Porta 8087: 0 connessioni
[Tue Jul  8 15:17:45 2025] Porta 8088: 0 connessioni
[Tue Jul  8 15:17:45 2025] Porta 8089: 0 connessioni
[Tue Jul  8 15:18:13 2025] === STATISTICHE DAEMON ===
[Tue Jul  8 15:18:13 2025] Tempo attivo: 00:10:19
[Tue Jul  8 15:18:13 2025] Connessioni totali: 4
[Tue Jul  8 15:18:13 2025] Messaggi elaborati: 200
[Tue Jul  8 15:18:13 2025] Client attualmente connessi: 4
[Tue Jul  8 15:18:13 2025] Porta 8080: 2 connessioni
[Tue Jul  8 15:18:13 2025] Porta 8081: 1 connessioni
[Tue Jul  8 15:18:13 2025] Porta 8082: 1 connessioni
[Tue Jul  8 15:18:13 2025] Porta 8083: 0 connessioni
[Tue Jul  8 15:18:13 2025] Porta 8084: 0 connessioni
[Tue Jul  8 15:18:13 2025] Porta 8085: 0 connessioni
[Tue Jul  8 15:18:13 2025] Porta 8086: 0 connessioni
[Tue Jul  8 15:18:13 2025] Porta 8087: 0 connessioni
[Tue Jul  8 15:18:13 2025] Porta 8088: 0 connessioni
[Tue Jul  8 15:18:13 2025] Porta 8089: 0 connessioni
[Tue Jul  8 15:18:41 2025] === STATISTICHE DAEMON ===
[Tue Jul  8 15:18:41 2025] Tempo attivo: 00:10:47
[Tue Jul  8 15:18:41 2025] Connessioni totali: 4
[Tue Jul  8 15:18:41 2025] Messaggi elaborati: 200
[Tue Jul  8 15:18:41 2025] Client attualmente connessi: 4
[Tue Jul  8 15:18:41 2025] Porta 8080: 2 connessioni
[Tue Jul  8 15:18:41 2025] Porta 8081: 1 connessioni
[Tue Jul  8 15:18:41 2025] Porta 8082: 1 connessioni
[Tue Jul  8 15:18:41 2025] Porta 8083: 0 connessioni
[Tue Jul  8 15:18:41 2025] Porta 8084: 0 connessioni
[Tue Jul  8 15:18:41 2025] Porta 8085: 0 connessioni
[Tue Jul  8 15:18:41 2025] Porta 8086: 0 connessioni
[Tue Jul  8 15:18:41 2025] Porta 8087: 0 connessioni
[Tue Jul  8 15:18:41 2025] Porta 8088: 0 connessioni
[Tue Jul  8 15:18:41 2025] Porta 8089: 0 connessioni
[Tue Jul  8 15:20:41 2025] Avvio daemon su porte 8080-8089
[Tue Jul  8 15:20:41 2025] Socket listening attivato sulla porta 8080
[Tue Jul  8 15:20:41 2025] Socket listening attivato sulla porta 8081
[Tue Jul  8 15:20:41 2025] Socket listening attivato sulla porta 8082
[Tue Jul  8 15:20:41 2025] Socket listening attivato sulla porta 8083
[Tue Jul  8 15:20:41 2025] Socket listening attivato sulla porta 8084
[Tue Jul  8 15:20:41 2025] Socket listening attivato sulla porta 8085
[Tue Jul  8 15:20:41 2025] Socket listening attivato sulla porta 8086
[Tue Jul  8 15:20:41 2025] Socket listening attivato sulla porta 8087
[Tue Jul  8 15:20:41 2025] Socket listening attivato sulla porta 8088
[Tue Jul  8 15:20:41 2025] Socket listening attivato sulla porta 8089
[Tue Jul  8 15:20:41 2025] Daemon avviato con successo
[Tue Jul  8 15:21:09 2025] === STATISTICHE DAEMON ===
[Tue Jul  8 15:21:09 2025] Tempo attivo: 00:00:28
[Tue Jul  8 15:21:09 2025] Connessioni totali: 0
[Tue Jul  8 15:21:09 2025] Messaggi elaborati: 0
[Tue Jul  8 15:21:09 2025] Client attualmente connessi: 0
[Tue Jul  8 15:21:09 2025] Porta 8080: 0 connessioni
[Tue Jul  8 15:21:09 2025] Porta 8081: 0 connessioni
[Tue Jul  8 15:21:09 2025] Porta 8082: 0 connessioni
[Tue Jul  8 15:21:09 2025] Porta 8083: 0 connessioni
[Tue Jul  8 15:21:09 2025] Porta 8084: 0 connessioni
[Tue Jul  8 15:21:09 2025] Porta 8085: 0 connessioni
[Tue Jul  8 15:21:09 2025] Porta 8086: 0 connessioni
[Tue Jul  8 15:21:09 2025] Porta 8087: 0 connessioni
[Tue Jul  8 15:21:09 2025] Porta 8088: 0 connessioni
[Tue Jul  8 15:21:09 2025] Porta 8089: 0 connessioni
[Tue Jul  8 15:21:13 2025] Ricevuto segnale 15. Iniziando terminazione...
[Tue Jul  8 15:21:13 2025] === STATISTICHE DAEMON ===
[Tue Jul  8 15:21:13 2025] Tempo attivo: 00:00:32
[Tue Jul  8 15:21:13 2025] Connessioni totali: 0
[Tue Jul  8 15:21:13 2025] Messaggi elaborati: 0
[Tue Jul  8 15:21:13 2025] Client attualmente connessi: 0
[Tue Jul  8 15:21:13 2025] Porta 8080: 0 connessioni
[Tue Jul  8 15:21:13 2025] Porta 8081: 0 connessioni
[Tue Jul  8 15:21:13 2025] Porta 8082: 0 connessioni
[Tue Jul  8 15:21:13 2025] Porta 8083: 0 connessioni
[Tue Jul  8 15:21:13 2025] Porta 8084: 0 connessioni
[Tue Jul  8 15:21:13 2025] Porta 8085: 0 connessioni
[Tue Jul  8 15:21:13 2025] Porta 8086: 0 connessioni
[Tue Jul  8 15:21:13 2025] Porta 8087: 0 connessioni
[Tue Jul  8 15:21:13 2025] Porta 8088: 0 connessioni
[Tue Jul  8 15:21:13 2025] Porta 8089: 0 connessioni
[Tue Jul  8 15:21:13 2025] attendiamo terminazione thread...
[Tue Jul  8 15:21:14 2025] Iniziando cleanup risorse...
[Tue Jul  8 15:21:14 2025] Chiuso socket porta 8080
[Tue Jul  8 15:21:14 2025] Chiuso socket porta 8081
[Tue Jul  8 15:21:14 2025] Chiuso socket porta 8082
[Tue Jul  8 15:21:14 2025] Chiuso socket porta 8083
[Tue Jul  8 15:21:14 2025] Chiuso socket porta 8084
[Tue Jul  8 15:21:14 2025] Chiuso socket porta 8085
[Tue Jul  8 15:21:14 2025] Chiuso socket porta 8086
[Tue Jul  8 15:21:14 2025] Chiuso socket porta 8087
[Tue Jul  8 15:21:14 2025] Chiuso socket porta 8088
[Tue Jul  8 15:21:14 2025] Chiuso socket porta 8089
[Tue Jul  8 15:21:14 2025] === STATISTICHE DAEMON ===
[Tue Jul  8 15:21:14 2025] Tempo attivo: 00:00:33
[Tue Jul  8 15:21:14 2025] Connessioni totali: 0
[Tue Jul  8 15:21:14 2025] Messaggi elaborati: 0
[Tue Jul  8 15:21:14 2025] Client attualmente connessi: 0
[Tue Jul  8 15:21:14 2025] Porta 8080: 0 connessioni
[Tue Jul  8 15:21:14 2025] Porta 8081: 0 connessioni
[Tue Jul  8 15:21:14 2025] Porta 8082: 0 connessioni
[Tue Jul  8 15:21:14 2025] Porta 8083: 0 connessioni
[Tue Jul  8 15:21:14 2025] Porta 8084: 0 connessioni
[Tue Jul  8 15:21:14 2025] Porta 8085: 0 connessioni
[Tue Jul  8 15:21:14 2025] Porta 8086: 0 connessioni
[Tue Jul  8 15:21:14 2025] Porta 8087: 0 connessioni
[Tue Jul  8 15:21:14 2025] Porta 8088: 0 connessioni
[Tue Jul  8 15:21:14 2025] Porta 8089: 0 connessioni
[Tue Jul  8 15:21:14 2025] Daemon terminato
[Tue Jul  8 15:22:50 2025] Avvio daemon su porte 8080-8089
[Tue Jul  8 15:22:50 2025] Socket listening attivato sulla porta 8080
[Tue Jul  8 15:22:50 2025] Socket listening attivato sulla porta 8081
[Tue Jul  8 15:22:50 2025] Socket listening attivato sulla porta 8082
[Tue Jul  8 15:22:50 2025] Socket listening attivato sulla porta 8083
[Tue Jul  8 15:22:50 2025] Socket listening attivato sulla porta 8084
[Tue Jul  8 15:22:50 2025] Socket listening attivato sulla porta 8085
[Tue Jul  8 15:22:50 2025] Socket listening attivato sulla porta 8086
[Tue Jul  8 15:22:50 2025] Socket listening attivato sulla porta 8087
[Tue Jul  8 15:22:50 2025] Socket listening attivato sulla porta 8088
[Tue Jul  8 15:22:50 2025] Socket listening attivato sulla porta 8089
[Tue Jul  8 15:22:50 2025] Daemon avviato con successo
[Tue Jul  8 15:23:11 2025] Ricevuto segnale 2. Iniziando terminazione...
[Tue Jul  8 15:23:11 2025] === STATISTICHE DAEMON ===
[Tue Jul  8 15:23:11 2025] Tempo attivo: 00:00:21
[Tue Jul  8 15:23:11 2025] Connessioni totali: 0
[Tue Jul  8 15:23:11 2025] Messaggi elaborati: 0
[Tue Jul  8 15:23:11 2025] Client attualmente connessi: 0
[Tue Jul  8 15:23:11 2025] Porta 8080: 0 connessioni
[Tue Jul  8 15:23:11 2025] Porta 8081: 0 connessioni
[Tue Jul  8 15:23:11 2025] Porta 8082: 0 connessioni
[Tue Jul  8 15:23:11 2025] Porta 8083: 0 connessioni
[Tue Jul  8 15:23:11 2025] Porta 8084: 0 connessioni
[Tue Jul  8 15:23:11 2025] Porta 8085: 0 connessioni
[Tue Jul  8 15:23:11 2025] Porta 8086: 0 connessioni
[Tue Jul  8 15:23:11 2025] Porta 8087: 0 connessioni
[Tue Jul  8 15:23:11 2025] Porta 8088: 0 connessioni
[Tue Jul  8 15:23:11 2025] Porta 8089: 0 connessioni
[Tue Jul  8 15:23:11 2025] attendiamo terminazione thread...
[Tue Jul  8 15:23:12 2025] Iniziando cleanup risorse...
[Tue Jul  8 15:23:12 2025] Chiuso socket porta 8080
[Tue Jul  8 15:23:12 2025] Chiuso socket porta 8081
[Tue Jul  8 15:23:12 2025] Chiuso socket porta 8082
[Tue Jul  8 15:23:12 2025] Chiuso socket porta 8083
[Tue Jul  8 15:23:12 2025] Chiuso socket porta 8084
[Tue Jul  8 15:23:12 2025] Chiuso socket porta 8085
[Tue Jul  8 15:23:12 2025] Chiuso socket porta 8086
[Tue Jul  8 15:23:12 2025] Chiuso socket porta 8087
[Tue Jul  8 15:23:12 2025] Chiuso socket porta 8088
[Tue Jul  8 15:23:12 2025] Chiuso socket porta 8089
[Tue Jul  8 15:23:12 2025] === STATISTICHE DAEMON ===
[Tue Jul  8 15:23:12 2025] Tempo attivo: 00:00:22
[Tue Jul  8 15:23:12 2025] Connessioni totali: 0
[Tue Jul  8 15:23:12 2025] Messaggi elaborati: 0
[Tue Jul  8 15:23:12 2025] Client attualmente connessi: 0
[Tue Jul  8 15:23:12 2025] Porta 8080: 0 connessioni
[Tue Jul  8 15:23:12 2025] Porta 8081: 0 connessioni
[Tue Jul  8 15:23:12 2025] Porta 8082: 0 connessioni
[Tue Jul  8 15:23:12 2025] Porta 8083: 0 connessioni
[Tue Jul  8 15:23:12 2025] Porta 8084: 0 connessioni
[Tue Jul  8 15:23:12 2025] Porta 8085: 0 connessioni
[Tue Jul  8 15:23:12 2025] Porta 8086: 0 connessioni
[Tue Jul  8 15:23:12 2025] Porta 8087: 0 connessioni
[Tue Jul  8 15:23:12 2025] Porta 8088: 0 connessioni
[Tue Jul  8 15:23:12 2025] Porta 8089: 0 connessioni
[Tue Jul  8 15:23:12 2025] Daemon terminato
